<?xml version="1.0" encoding="UTF-8"?>
<robot generator="Robot 7.2.2 (Python 3.13.3 on darwin)" generated="2025-05-22T22:13:18.399365" rpa="false" schemaversion="5">
<suite id="s1" name="Filter.Feature" source="/Users/devo/Robot Framework Project/saucedemo-tests/tests/filter.feature.robot">
<test id="s1-t1" name="Filter produk berdasarkan nama A ke Z" line="13">
<kw name="Given Pengguna membuka halaman login" owner="login_keywords">
<kw name="Open Browser" owner="SeleniumLibrary">
<msg time="2025-05-22T22:13:18.503954" level="INFO">Opening browser 'chrome' to base url 'https://www.saucedemo.com/'.</msg>
<arg>${SAUCE_URL}</arg>
<arg>chrome</arg>
<doc>Opens a new browser instance to the optional ``url``.</doc>
<status status="PASS" start="2025-05-22T22:13:18.503848" elapsed="1.198172"/>
</kw>
<kw name="Maximize Browser Window" owner="SeleniumLibrary">
<doc>Maximizes current browser window.</doc>
<status status="PASS" start="2025-05-22T22:13:19.702389" elapsed="0.371189"/>
</kw>
<kw name="Wait Until Page Contains Element" owner="SeleniumLibrary">
<arg>id=user-name</arg>
<doc>Waits until the element ``locator`` appears on the current page.</doc>
<status status="PASS" start="2025-05-22T22:13:20.073861" elapsed="0.009484"/>
</kw>
<status status="PASS" start="2025-05-22T22:13:18.503701" elapsed="1.579773"/>
</kw>
<kw name="When Pengguna memasukkan username dan password" owner="login_keywords">
<kw name="Input Text" owner="SeleniumLibrary">
<msg time="2025-05-22T22:13:20.084351" level="INFO">Typing text 'standard_user' into text field 'id=user-name'.</msg>
<arg>id=user-name</arg>
<arg>${USERNAME}</arg>
<doc>Types the given ``text`` into the text field identified by ``locator``.</doc>
<status status="PASS" start="2025-05-22T22:13:20.084188" elapsed="0.099823"/>
</kw>
<kw name="Input Text" owner="SeleniumLibrary">
<msg time="2025-05-22T22:13:20.184384" level="INFO">Typing text 'secret_sauce' into text field 'id=password'.</msg>
<arg>id=password</arg>
<arg>${PASSWORD}</arg>
<doc>Types the given ``text`` into the text field identified by ``locator``.</doc>
<status status="PASS" start="2025-05-22T22:13:20.184143" elapsed="0.035356"/>
</kw>
<status status="PASS" start="2025-05-22T22:13:20.083927" elapsed="0.135659"/>
</kw>
<kw name="And Klik tombol login" owner="login_keywords">
<kw name="Click Button" owner="SeleniumLibrary">
<msg time="2025-05-22T22:13:20.220058" level="INFO">Clicking button 'id=login-button'.</msg>
<arg>id=login-button</arg>
<doc>Clicks the button identified by ``locator``.</doc>
<status status="PASS" start="2025-05-22T22:13:20.219929" elapsed="0.091894"/>
</kw>
<status status="PASS" start="2025-05-22T22:13:20.219750" elapsed="0.092187"/>
</kw>
<kw name="And Pengguna memilih filter produk &quot;Name (A to Z)&quot;" owner="filter_keywords" source_name="And Pengguna memilih filter produk &quot;${label}&quot;">
<kw name="Wait Until Element Is Visible" owner="SeleniumLibrary">
<arg>class=product_sort_container</arg>
<doc>Waits until the element ``locator`` is visible.</doc>
<status status="PASS" start="2025-05-22T22:13:20.312394" elapsed="0.016421"/>
</kw>
<kw name="Select From List By Label" owner="SeleniumLibrary">
<msg time="2025-05-22T22:13:20.329067" level="INFO">Selecting options from selection list 'class=product_sort_container' by label Name (A to Z).</msg>
<arg>class=product_sort_container</arg>
<arg>${label}</arg>
<doc>Selects options from selection list ``locator`` by ``labels``.</doc>
<status status="PASS" start="2025-05-22T22:13:20.328923" elapsed="0.029774"/>
</kw>
<status status="PASS" start="2025-05-22T22:13:20.312173" elapsed="0.046593"/>
</kw>
<kw name="Then Produk pertama yang tampil adalah &quot;Sauce Labs Backpack&quot;" owner="filter_keywords" source_name="Then Produk pertama yang tampil adalah &quot;${expected}&quot;">
<kw name="Get Text" owner="SeleniumLibrary">
<msg time="2025-05-22T22:13:20.371237" level="INFO">${first_product} = Sauce Labs Backpack</msg>
<var>${first_product}</var>
<arg>xpath=(//div[@data-test='inventory-item-name'])[1]</arg>
<doc>Returns the text value of the element identified by ``locator``.</doc>
<status status="PASS" start="2025-05-22T22:13:20.359074" elapsed="0.012190"/>
</kw>
<kw name="Should Be Equal" owner="BuiltIn">
<arg>${first_product}</arg>
<arg>${expected}</arg>
<doc>Fails if the given objects are unequal.</doc>
<status status="PASS" start="2025-05-22T22:13:20.371381" elapsed="0.000167"/>
</kw>
<kw name="Sleep" owner="BuiltIn">
<msg time="2025-05-22T22:13:22.373972" level="INFO">Slept 2 seconds.</msg>
<arg>2s</arg>
<doc>Pauses the test executed for the given time.</doc>
<status status="PASS" start="2025-05-22T22:13:20.371602" elapsed="2.002720"/>
</kw>
<kw name="Close Browser" owner="SeleniumLibrary" type="TEARDOWN">
<doc>Closes the current browser.</doc>
<status status="PASS" start="2025-05-22T22:13:22.374992" elapsed="0.107432"/>
</kw>
<status status="PASS" start="2025-05-22T22:13:20.358917" elapsed="2.123687"/>
</kw>
<tag>filter</tag>
<status status="PASS" start="2025-05-22T22:13:18.503159" elapsed="3.979794"/>
</test>
<test id="s1-t2" name="Filter produk berdasarkan nama Z ke A" line="21">
<kw name="Given Pengguna membuka halaman login" owner="login_keywords">
<kw name="Open Browser" owner="SeleniumLibrary">
<msg time="2025-05-22T22:13:22.484344" level="INFO">Opening browser 'chrome' to base url 'https://www.saucedemo.com/'.</msg>
<arg>${SAUCE_URL}</arg>
<arg>chrome</arg>
<doc>Opens a new browser instance to the optional ``url``.</doc>
<status status="PASS" start="2025-05-22T22:13:22.484166" elapsed="1.062084"/>
</kw>
<kw name="Maximize Browser Window" owner="SeleniumLibrary">
<doc>Maximizes current browser window.</doc>
<status status="PASS" start="2025-05-22T22:13:23.546600" elapsed="0.376681"/>
</kw>
<kw name="Wait Until Page Contains Element" owner="SeleniumLibrary">
<arg>id=user-name</arg>
<doc>Waits until the element ``locator`` appears on the current page.</doc>
<status status="PASS" start="2025-05-22T22:13:23.923448" elapsed="0.007011"/>
</kw>
<status status="PASS" start="2025-05-22T22:13:22.483956" elapsed="1.446608"/>
</kw>
<kw name="When Pengguna memasukkan username dan password" owner="login_keywords">
<kw name="Input Text" owner="SeleniumLibrary">
<msg time="2025-05-22T22:13:23.931245" level="INFO">Typing text 'standard_user' into text field 'id=user-name'.</msg>
<arg>id=user-name</arg>
<arg>${USERNAME}</arg>
<doc>Types the given ``text`` into the text field identified by ``locator``.</doc>
<status status="PASS" start="2025-05-22T22:13:23.931079" elapsed="0.097397"/>
</kw>
<kw name="Input Text" owner="SeleniumLibrary">
<msg time="2025-05-22T22:13:24.029299" level="INFO">Typing text 'secret_sauce' into text field 'id=password'.</msg>
<arg>id=password</arg>
<arg>${PASSWORD}</arg>
<doc>Types the given ``text`` into the text field identified by ``locator``.</doc>
<status status="PASS" start="2025-05-22T22:13:24.028828" elapsed="0.035061"/>
</kw>
<status status="PASS" start="2025-05-22T22:13:23.930822" elapsed="0.133137"/>
</kw>
<kw name="And Klik tombol login" owner="login_keywords">
<kw name="Click Button" owner="SeleniumLibrary">
<msg time="2025-05-22T22:13:24.064392" level="INFO">Clicking button 'id=login-button'.</msg>
<arg>id=login-button</arg>
<doc>Clicks the button identified by ``locator``.</doc>
<status status="PASS" start="2025-05-22T22:13:24.064276" elapsed="0.048119"/>
</kw>
<status status="PASS" start="2025-05-22T22:13:24.064104" elapsed="0.048448"/>
</kw>
<kw name="And Pengguna memilih filter produk &quot;Name (Z to A)&quot;" owner="filter_keywords" source_name="And Pengguna memilih filter produk &quot;${label}&quot;">
<kw name="Wait Until Element Is Visible" owner="SeleniumLibrary">
<arg>class=product_sort_container</arg>
<doc>Waits until the element ``locator`` is visible.</doc>
<status status="PASS" start="2025-05-22T22:13:24.114466" elapsed="0.017684"/>
</kw>
<kw name="Select From List By Label" owner="SeleniumLibrary">
<msg time="2025-05-22T22:13:24.133076" level="INFO">Selecting options from selection list 'class=product_sort_container' by label Name (Z to A).</msg>
<arg>class=product_sort_container</arg>
<arg>${label}</arg>
<doc>Selects options from selection list ``locator`` by ``labels``.</doc>
<status status="PASS" start="2025-05-22T22:13:24.132540" elapsed="0.047994"/>
</kw>
<status status="PASS" start="2025-05-22T22:13:24.112873" elapsed="0.067804"/>
</kw>
<kw name="Then Produk pertama yang tampil adalah &quot;Test.allTheThings() T-Shirt (Red)&quot;" owner="filter_keywords" source_name="Then Produk pertama yang tampil adalah &quot;${expected}&quot;">
<kw name="Get Text" owner="SeleniumLibrary">
<msg time="2025-05-22T22:13:24.193470" level="INFO">${first_product} = Test.allTheThings() T-Shirt (Red)</msg>
<var>${first_product}</var>
<arg>xpath=(//div[@data-test='inventory-item-name'])[1]</arg>
<doc>Returns the text value of the element identified by ``locator``.</doc>
<status status="PASS" start="2025-05-22T22:13:24.181020" elapsed="0.012494"/>
</kw>
<kw name="Should Be Equal" owner="BuiltIn">
<arg>${first_product}</arg>
<arg>${expected}</arg>
<doc>Fails if the given objects are unequal.</doc>
<status status="PASS" start="2025-05-22T22:13:24.193707" elapsed="0.000162"/>
</kw>
<kw name="Sleep" owner="BuiltIn">
<msg time="2025-05-22T22:13:26.194885" level="INFO">Slept 2 seconds.</msg>
<arg>2s</arg>
<doc>Pauses the test executed for the given time.</doc>
<status status="PASS" start="2025-05-22T22:13:24.193927" elapsed="2.001399"/>
</kw>
<kw name="Close Browser" owner="SeleniumLibrary" type="TEARDOWN">
<doc>Closes the current browser.</doc>
<status status="PASS" start="2025-05-22T22:13:26.196133" elapsed="0.093683"/>
</kw>
<status status="PASS" start="2025-05-22T22:13:24.180868" elapsed="2.109020"/>
</kw>
<tag>filter</tag>
<status status="PASS" start="2025-05-22T22:13:22.483292" elapsed="3.806729"/>
</test>
<test id="s1-t3" name="Filter produk berdasarkan harga low to high" line="29">
<kw name="Given Pengguna membuka halaman login" owner="login_keywords">
<kw name="Open Browser" owner="SeleniumLibrary">
<msg time="2025-05-22T22:13:26.290787" level="INFO">Opening browser 'chrome' to base url 'https://www.saucedemo.com/'.</msg>
<arg>${SAUCE_URL}</arg>
<arg>chrome</arg>
<doc>Opens a new browser instance to the optional ``url``.</doc>
<status status="PASS" start="2025-05-22T22:13:26.290676" elapsed="1.004155"/>
</kw>
<kw name="Maximize Browser Window" owner="SeleniumLibrary">
<doc>Maximizes current browser window.</doc>
<status status="PASS" start="2025-05-22T22:13:27.295184" elapsed="0.378804"/>
</kw>
<kw name="Wait Until Page Contains Element" owner="SeleniumLibrary">
<arg>id=user-name</arg>
<doc>Waits until the element ``locator`` appears on the current page.</doc>
<status status="PASS" start="2025-05-22T22:13:27.674164" elapsed="0.009470"/>
</kw>
<status status="PASS" start="2025-05-22T22:13:26.290532" elapsed="1.393231"/>
</kw>
<kw name="When Pengguna memasukkan username dan password" owner="login_keywords">
<kw name="Input Text" owner="SeleniumLibrary">
<msg time="2025-05-22T22:13:27.684422" level="INFO">Typing text 'standard_user' into text field 'id=user-name'.</msg>
<arg>id=user-name</arg>
<arg>${USERNAME}</arg>
<doc>Types the given ``text`` into the text field identified by ``locator``.</doc>
<status status="PASS" start="2025-05-22T22:13:27.684260" elapsed="0.102044"/>
</kw>
<kw name="Input Text" owner="SeleniumLibrary">
<msg time="2025-05-22T22:13:27.786778" level="INFO">Typing text 'secret_sauce' into text field 'id=password'.</msg>
<arg>id=password</arg>
<arg>${PASSWORD}</arg>
<doc>Types the given ``text`` into the text field identified by ``locator``.</doc>
<status status="PASS" start="2025-05-22T22:13:27.786537" elapsed="0.034263"/>
</kw>
<status status="PASS" start="2025-05-22T22:13:27.684030" elapsed="0.136836"/>
</kw>
<kw name="And Klik tombol login" owner="login_keywords">
<kw name="Click Button" owner="SeleniumLibrary">
<msg time="2025-05-22T22:13:27.821241" level="INFO">Clicking button 'id=login-button'.</msg>
<arg>id=login-button</arg>
<doc>Clicks the button identified by ``locator``.</doc>
<status status="PASS" start="2025-05-22T22:13:27.821148" elapsed="0.046571"/>
</kw>
<status status="PASS" start="2025-05-22T22:13:27.821004" elapsed="0.047005"/>
</kw>
<kw name="And Pengguna memilih filter produk &quot;Price (low to high)&quot;" owner="filter_keywords" source_name="And Pengguna memilih filter produk &quot;${label}&quot;">
<kw name="Wait Until Element Is Visible" owner="SeleniumLibrary">
<arg>class=product_sort_container</arg>
<doc>Waits until the element ``locator`` is visible.</doc>
<status status="PASS" start="2025-05-22T22:13:27.868999" elapsed="0.012503"/>
</kw>
<kw name="Select From List By Label" owner="SeleniumLibrary">
<msg time="2025-05-22T22:13:27.881776" level="INFO">Selecting options from selection list 'class=product_sort_container' by label Price (low to high).</msg>
<arg>class=product_sort_container</arg>
<arg>${label}</arg>
<doc>Selects options from selection list ``locator`` by ``labels``.</doc>
<status status="PASS" start="2025-05-22T22:13:27.881621" elapsed="0.049832"/>
</kw>
<status status="PASS" start="2025-05-22T22:13:27.868326" elapsed="0.063191"/>
</kw>
<kw name="Then Produk pertama yang tampil adalah &quot;Sauce Labs Onesie&quot;" owner="filter_keywords" source_name="Then Produk pertama yang tampil adalah &quot;${expected}&quot;">
<kw name="Get Text" owner="SeleniumLibrary">
<msg time="2025-05-22T22:13:27.944512" level="INFO">${first_product} = Sauce Labs Onesie</msg>
<var>${first_product}</var>
<arg>xpath=(//div[@data-test='inventory-item-name'])[1]</arg>
<doc>Returns the text value of the element identified by ``locator``.</doc>
<status status="PASS" start="2025-05-22T22:13:27.931812" elapsed="0.012736"/>
</kw>
<kw name="Should Be Equal" owner="BuiltIn">
<arg>${first_product}</arg>
<arg>${expected}</arg>
<doc>Fails if the given objects are unequal.</doc>
<status status="PASS" start="2025-05-22T22:13:27.944666" elapsed="0.000138"/>
</kw>
<kw name="Sleep" owner="BuiltIn">
<msg time="2025-05-22T22:13:29.946668" level="INFO">Slept 2 seconds.</msg>
<arg>2s</arg>
<doc>Pauses the test executed for the given time.</doc>
<status status="PASS" start="2025-05-22T22:13:27.944856" elapsed="2.002185"/>
</kw>
<kw name="Close Browser" owner="SeleniumLibrary" type="TEARDOWN">
<doc>Closes the current browser.</doc>
<status status="PASS" start="2025-05-22T22:13:29.947795" elapsed="0.090376"/>
</kw>
<status status="PASS" start="2025-05-22T22:13:27.931669" elapsed="2.106574"/>
</kw>
<tag>filter</tag>
<status status="PASS" start="2025-05-22T22:13:26.290257" elapsed="3.748128"/>
</test>
<test id="s1-t4" name="Filter produk berdasarkan harga high to low" line="37">
<kw name="Given Pengguna membuka halaman login" owner="login_keywords">
<kw name="Open Browser" owner="SeleniumLibrary">
<msg time="2025-05-22T22:13:30.039199" level="INFO">Opening browser 'chrome' to base url 'https://www.saucedemo.com/'.</msg>
<arg>${SAUCE_URL}</arg>
<arg>chrome</arg>
<doc>Opens a new browser instance to the optional ``url``.</doc>
<status status="PASS" start="2025-05-22T22:13:30.039085" elapsed="0.988791"/>
</kw>
<kw name="Maximize Browser Window" owner="SeleniumLibrary">
<doc>Maximizes current browser window.</doc>
<status status="PASS" start="2025-05-22T22:13:31.028205" elapsed="0.376584"/>
</kw>
<kw name="Wait Until Page Contains Element" owner="SeleniumLibrary">
<arg>id=user-name</arg>
<doc>Waits until the element ``locator`` appears on the current page.</doc>
<status status="PASS" start="2025-05-22T22:13:31.405024" elapsed="0.009767"/>
</kw>
<status status="PASS" start="2025-05-22T22:13:30.038914" elapsed="1.376013"/>
</kw>
<kw name="When Pengguna memasukkan username dan password" owner="login_keywords">
<kw name="Input Text" owner="SeleniumLibrary">
<msg time="2025-05-22T22:13:31.415648" level="INFO">Typing text 'standard_user' into text field 'id=user-name'.</msg>
<arg>id=user-name</arg>
<arg>${USERNAME}</arg>
<doc>Types the given ``text`` into the text field identified by ``locator``.</doc>
<status status="PASS" start="2025-05-22T22:13:31.415470" elapsed="0.096957"/>
</kw>
<kw name="Input Text" owner="SeleniumLibrary">
<msg time="2025-05-22T22:13:31.513014" level="INFO">Typing text 'secret_sauce' into text field 'id=password'.</msg>
<arg>id=password</arg>
<arg>${PASSWORD}</arg>
<doc>Types the given ``text`` into the text field identified by ``locator``.</doc>
<status status="PASS" start="2025-05-22T22:13:31.512780" elapsed="0.037390"/>
</kw>
<status status="PASS" start="2025-05-22T22:13:31.415231" elapsed="0.135270"/>
</kw>
<kw name="And Klik tombol login" owner="login_keywords">
<kw name="Click Button" owner="SeleniumLibrary">
<msg time="2025-05-22T22:13:31.550905" level="INFO">Clicking button 'id=login-button'.</msg>
<arg>id=login-button</arg>
<doc>Clicks the button identified by ``locator``.</doc>
<status status="PASS" start="2025-05-22T22:13:31.550810" elapsed="0.044602"/>
</kw>
<status status="PASS" start="2025-05-22T22:13:31.550654" elapsed="0.044828"/>
</kw>
<kw name="And Pengguna memilih filter produk &quot;Price (high to low)&quot;" owner="filter_keywords" source_name="And Pengguna memilih filter produk &quot;${label}&quot;">
<kw name="Wait Until Element Is Visible" owner="SeleniumLibrary">
<arg>class=product_sort_container</arg>
<doc>Waits until the element ``locator`` is visible.</doc>
<status status="PASS" start="2025-05-22T22:13:31.595929" elapsed="0.016552"/>
</kw>
<kw name="Select From List By Label" owner="SeleniumLibrary">
<msg time="2025-05-22T22:13:31.613327" level="INFO">Selecting options from selection list 'class=product_sort_container' by label Price (high to low).</msg>
<arg>class=product_sort_container</arg>
<arg>${label}</arg>
<doc>Selects options from selection list ``locator`` by ``labels``.</doc>
<status status="PASS" start="2025-05-22T22:13:31.612777" elapsed="0.048020"/>
</kw>
<status status="PASS" start="2025-05-22T22:13:31.595756" elapsed="0.065140"/>
</kw>
<kw name="Then Produk pertama yang tampil adalah &quot;Sauce Labs Fleece Jacket&quot;" owner="filter_keywords" source_name="Then Produk pertama yang tampil adalah &quot;${expected}&quot;">
<kw name="Get Text" owner="SeleniumLibrary">
<msg time="2025-05-22T22:13:31.674617" level="INFO">${first_product} = Sauce Labs Fleece Jacket</msg>
<var>${first_product}</var>
<arg>xpath=(//div[@data-test='inventory-item-name'])[1]</arg>
<doc>Returns the text value of the element identified by ``locator``.</doc>
<status status="PASS" start="2025-05-22T22:13:31.661230" elapsed="0.013431"/>
</kw>
<kw name="Should Be Equal" owner="BuiltIn">
<arg>${first_product}</arg>
<arg>${expected}</arg>
<doc>Fails if the given objects are unequal.</doc>
<status status="PASS" start="2025-05-22T22:13:31.674819" elapsed="0.000163"/>
</kw>
<kw name="Sleep" owner="BuiltIn">
<msg time="2025-05-22T22:13:33.676166" level="INFO">Slept 2 seconds.</msg>
<arg>2s</arg>
<doc>Pauses the test executed for the given time.</doc>
<status status="PASS" start="2025-05-22T22:13:31.675052" elapsed="2.001517"/>
</kw>
<kw name="Close Browser" owner="SeleniumLibrary" type="TEARDOWN">
<doc>Closes the current browser.</doc>
<status status="PASS" start="2025-05-22T22:13:33.677293" elapsed="0.081963"/>
</kw>
<status status="PASS" start="2025-05-22T22:13:31.661079" elapsed="2.098263"/>
</kw>
<tag>filter</tag>
<status status="PASS" start="2025-05-22T22:13:30.038571" elapsed="3.720915"/>
</test>
<doc>Test filter produk berdasarkan nama dan harga</doc>
<status status="PASS" start="2025-05-22T22:13:18.399921" elapsed="15.360180"/>
</suite>
<statistics>
<total>
<stat pass="4" fail="0" skip="0">All Tests</stat>
</total>
<tag>
<stat pass="4" fail="0" skip="0">filter</stat>
</tag>
<suite>
<stat name="Filter.Feature" id="s1" pass="4" fail="0" skip="0">Filter.Feature</stat>
</suite>
</statistics>
<errors>
</errors>
</robot>
